<?xml version="1.0" encoding="UTF-8" ?>
<testsuite tests="30" failures="0" name="uk.ac.ed.inf.powergrab.AppTest" time="0.007" errors="0" skipped="0">
  <properties>
    <property name="java.runtime.name" value="Java(TM) SE Runtime Environment"/>
    <property name="sun.boot.library.path" value="C:\Program Files\Java\jre1.8.0_221\bin"/>
    <property name="java.vm.version" value="25.221-b11"/>
    <property name="java.vm.vendor" value="Oracle Corporation"/>
    <property name="maven.multiModuleProjectDirectory" value="C:\Users\Tomek\ILP\powergrab"/>
    <property name="java.vendor.url" value="http://java.oracle.com/"/>
    <property name="path.separator" value=";"/>
    <property name="guice.disable.misplaced.annotation.check" value="true"/>
    <property name="java.vm.name" value="Java HotSpot(TM) 64-Bit Server VM"/>
    <property name="file.encoding.pkg" value="sun.io"/>
    <property name="user.script" value=""/>
    <property name="user.country" value="GB"/>
    <property name="sun.java.launcher" value="SUN_STANDARD"/>
    <property name="sun.os.patch.level" value=""/>
    <property name="java.vm.specification.name" value="Java Virtual Machine Specification"/>
    <property name="user.dir" value="C:\Users\Tomek\ILP\powergrab"/>
    <property name="java.runtime.version" value="1.8.0_221-b11"/>
    <property name="java.awt.graphicsenv" value="sun.awt.Win32GraphicsEnvironment"/>
    <property name="java.endorsed.dirs" value="C:\Program Files\Java\jre1.8.0_221\lib\endorsed"/>
    <property name="os.arch" value="amd64"/>
    <property name="java.io.tmpdir" value="C:\Users\Tomek\AppData\Local\Temp\"/>
    <property name="line.separator" value="
"/>
    <property name="java.vm.specification.vendor" value="Oracle Corporation"/>
    <property name="user.variant" value=""/>
    <property name="os.name" value="Windows 10"/>
    <property name="classworlds.conf" value="D:\Java\.metadata\.plugins\org.eclipse.m2e.launching\launches\m2conf6767938855041553580.tmp"/>
    <property name="sun.jnu.encoding" value="Cp1250"/>
    <property name="java.library.path" value="C:\Program Files\Java\jre1.8.0_221\bin;C:\WINDOWS\Sun\Java\bin;C:\WINDOWS\system32;C:\WINDOWS;C:/Program Files/Java/jre1.8.0_221/bin/server;C:/Program Files/Java/jre1.8.0_221/bin;C:/Program Files/Java/jre1.8.0_221/lib/amd64;C:\Program Files (x86)\Common Files\Oracle\Java\javapath;C:\ProgramData\Oracle\Java\javapath;C:\WINDOWS\system32;C:\WINDOWS;C:\WINDOWS\System32\Wbem;C:\WINDOWS\System32\WindowsPowerShell\v1.0\;C:\Program Files (x86)\NVIDIA Corporation\PhysX\Common;C:\Program Files (x86)\Windows Live\Shared;d:\Program Files\MATLAB\R2017b\bin;C:\WINDOWS\system32;C:\WINDOWS;C:\WINDOWS\System32\Wbem;C:\WINDOWS\System32\WindowsPowerShell\v1.0\;C:\WINDOWS\System32\OpenSSH\;D:\Program Files\Git\cmd;D:\Program Files\nodejs\;C:\Users\Tomek\AppData\Local\Microsoft\WindowsApps;C:\Users\Tomek\AppData\Local\Programs\Microsoft VS Code\bin;C:\Users\Tomek\Miniconda3;C:\Users\Tomek\Miniconda3\Scripts;C:\Users\Tomek\Miniconda3\Library\bin;C:\Users\Tomek\AppData\Roaming\npm;;C:\WINDOWS\system32;;."/>
    <property name="java.specification.name" value="Java Platform API Specification"/>
    <property name="java.class.version" value="52.0"/>
    <property name="sun.management.compiler" value="HotSpot 64-Bit Tiered Compilers"/>
    <property name="os.version" value="10.0"/>
    <property name="user.home" value="C:\Users\Tomek"/>
    <property name="user.timezone" value="Europe/London"/>
    <property name="java.awt.printerjob" value="sun.awt.windows.WPrinterJob"/>
    <property name="java.specification.version" value="1.8"/>
    <property name="file.encoding" value="Cp1250"/>
    <property name="user.name" value="Tomek"/>
    <property name="java.class.path" value="C:\Users\Tomek\.p2\pool\plugins\org.eclipse.m2e.maven.runtime_1.8.3.20180227-2135\jars\plexus-classworlds-2.5.2.jar"/>
    <property name="java.vm.specification.version" value="1.8"/>
    <property name="sun.arch.data.model" value="64"/>
    <property name="java.home" value="C:\Program Files\Java\jre1.8.0_221"/>
    <property name="sun.java.command" value="org.codehaus.plexus.classworlds.launcher.Launcher -B install"/>
    <property name="java.specification.vendor" value="Oracle Corporation"/>
    <property name="user.language" value="en"/>
    <property name="awt.toolkit" value="sun.awt.windows.WToolkit"/>
    <property name="java.vm.info" value="mixed mode"/>
    <property name="java.version" value="1.8.0_221"/>
    <property name="java.ext.dirs" value="C:\Program Files\Java\jre1.8.0_221\lib\ext;C:\WINDOWS\Sun\Java\lib\ext"/>
    <property name="sun.boot.class.path" value="C:\Program Files\Java\jre1.8.0_221\lib\resources.jar;C:\Program Files\Java\jre1.8.0_221\lib\rt.jar;C:\Program Files\Java\jre1.8.0_221\lib\sunrsasign.jar;C:\Program Files\Java\jre1.8.0_221\lib\jsse.jar;C:\Program Files\Java\jre1.8.0_221\lib\jce.jar;C:\Program Files\Java\jre1.8.0_221\lib\charsets.jar;C:\Program Files\Java\jre1.8.0_221\lib\jfr.jar;C:\Program Files\Java\jre1.8.0_221\classes"/>
    <property name="java.vendor" value="Oracle Corporation"/>
    <property name="maven.home" value="C:\Users\Tomek\ILP\powergrab\EMBEDDED"/>
    <property name="file.separator" value="\"/>
    <property name="java.vendor.url.bug" value="http://bugreport.sun.com/bugreport/"/>
    <property name="sun.cpu.endian" value="little"/>
    <property name="sun.io.unicode.encoding" value="UnicodeLittle"/>
    <property name="sun.desktop" value="windows"/>
    <property name="sun.cpu.isalist" value="amd64"/>
  </properties>
  <testcase classname="uk.ac.ed.inf.powergrab.AppTest" name="testNorthWestThenSouthEast" time="0.005"/>
  <testcase classname="uk.ac.ed.inf.powergrab.AppTest" name="testEastThenWest" time="0"/>
  <testcase classname="uk.ac.ed.inf.powergrab.AppTest" name="testNorthNorthEastThenSouthSouthWest" time="0"/>
  <testcase classname="uk.ac.ed.inf.powergrab.AppTest" name="testEastSouthEastThenWestNorthWest" time="0"/>
  <testcase classname="uk.ac.ed.inf.powergrab.AppTest" name="testEastNorthEastThenWestSouthWest" time="0"/>
  <testcase classname="uk.ac.ed.inf.powergrab.AppTest" name="testNorthNorthWestThenSouthSouthEast" time="0.001"/>
  <testcase classname="uk.ac.ed.inf.powergrab.AppTest" name="testPositionLatitude" time="0"/>
  <testcase classname="uk.ac.ed.inf.powergrab.AppTest" name="testPositionConstructor" time="0"/>
  <testcase classname="uk.ac.ed.inf.powergrab.AppTest" name="testPositionLongitude" time="0"/>
  <testcase classname="uk.ac.ed.inf.powergrab.AppTest" name="testNextPositionNotIdentity" time="0"/>
  <testcase classname="uk.ac.ed.inf.powergrab.AppTest" name="testSWisSouthWest" time="0.001"/>
  <testcase classname="uk.ac.ed.inf.powergrab.AppTest" name="testWSWisSouthWest" time="0"/>
  <testcase classname="uk.ac.ed.inf.powergrab.AppTest" name="testPositionOutOfPlayArea" time="0"/>
  <testcase classname="uk.ac.ed.inf.powergrab.AppTest" name="testNorthSouthEastWest" time="0"/>
  <testcase classname="uk.ac.ed.inf.powergrab.AppTest" name="testSSWisSouthWest" time="0"/>
  <testcase classname="uk.ac.ed.inf.powergrab.AppTest" name="testNorthEastThenSouthWest" time="0"/>
  <testcase classname="uk.ac.ed.inf.powergrab.AppTest" name="testNorthThenEastIsNotNorthEast" time="0"/>
  <testcase classname="uk.ac.ed.inf.powergrab.AppTest" name="testCentreInPlayArea" time="0"/>
  <testcase classname="uk.ac.ed.inf.powergrab.AppTest" name="testBoundaryOutOfPlayArea" time="0"/>
  <testcase classname="uk.ac.ed.inf.powergrab.AppTest" name="testNorthThenSouth" time="0"/>
  <testcase classname="uk.ac.ed.inf.powergrab.AppTest" name="testNNEisNorthEast" time="0"/>
  <testcase classname="uk.ac.ed.inf.powergrab.AppTest" name="testNEisNorthEast" time="0"/>
  <testcase classname="uk.ac.ed.inf.powergrab.AppTest" name="testENEisNorthEast" time="0"/>
  <testcase classname="uk.ac.ed.inf.powergrab.AppTest" name="testNorthEastThenSouthEastThenSouthWestThenNorthWest" time="0"/>
  <testcase classname="uk.ac.ed.inf.powergrab.AppTest" name="testSSEthenS" time="0"/>
  <testcase classname="uk.ac.ed.inf.powergrab.AppTest" name="testSouthWestThenNorthEast" time="0"/>
  <testcase classname="uk.ac.ed.inf.powergrab.AppTest" name="testSSEthenSthenSEthenNE" time="0"/>
  <testcase classname="uk.ac.ed.inf.powergrab.AppTest" name="testSouthEastThenNorthWest" time="0"/>
  <testcase classname="uk.ac.ed.inf.powergrab.AppTest" name="testSSEthenSthenSE" time="0"/>
  <testcase classname="uk.ac.ed.inf.powergrab.AppTest" name="testSSEthenSthenSEthenNEthenWNW" time="0"/>
</testsuite>